100000000 1 1 59
020000000 2 1 62
120000000 3 2 58
004000000 4 1 61
104000000 5 2 55
024000000 6 2 56
124000000 7 3 54
000800000 8 1 71
100800000 9 2 35
020800000 10 2 36
120800000 11 3 34
004800000 12 2 41
104800000 13 3 35
024800000 14 3 36
124800000 15 4 34
0000160000 16 1 80
1000160000 17 2 35
0200160000 18 2 36
1200160000 19 3 34
0040160000 20 2 41
1040160000 21 3 35
0240160000 22 3 36
1240160000 23 4 34
0008160000 24 2 68
1008160000 25 3 32
0208160000 26 3 33
1208160000 27 4 31
0048160000 28 3 38
1048160000 29 4 32
0248160000 30 4 33
1248160000 31 5 31
0000032000 32 1 86
1000032000 33 2 35
0200032000 34 2 36
1200032000 35 3 34
0040032000 36 2 41
1040032000 37 3 35
0240032000 38 3 36
1240032000 39 4 34
0008032000 40 2 66
1008032000 41 3 30
0208032000 42 3 31
1208032000 43 4 29
0048032000 44 3 36
1048032000 45 4 30
0248032000 46 4 31
1248032000 47 5 29
00001632000 48 2 72
10001632000 49 3 27
02001632000 50 3 28
12001632000 51 4 26
00401632000 52 3 33
10401632000 53 4 27
02401632000 54 4 28
12401632000 55 5 26
00081632000 56 3 63
10081632000 57 4 27
02081632000 58 4 28
12081632000 59 5 26
00481632000 60 4 33
10481632000 61 5 27
02481632000 62 5 28
12481632000 63 6 26
0000006400 64 1 69
1000006400 65 2 39
0200006400 66 2 40
1200006400 67 3 38
0040006400 68 2 37
1040006400 69 3 35
0240006400 70 3 34
1240006400 71 4 34
0008006400 72 2 25
1008006400 73 3 15
0208006400 74 3 14
1208006400 75 4 14
0048006400 76 3 17
1048006400 77 4 15
0248006400 78 4 14
1248006400 79 5 14
00001606400 80 2 25
10001606400 81 3 15
02001606400 82 3 14
12001606400 83 4 14
00401606400 84 3 17
10401606400 85 4 15
02401606400 86 4 14
12401606400 87 5 14
00081606400 88 3 22
10081606400 89 4 12
02081606400 90 4 11
12081606400 91 5 11
00481606400 92 4 14
10481606400 93 5 12
02481606400 94 5 11
12481606400 95 6 11
00000326400 96 2 25
10000326400 97 3 15
02000326400 98 3 14
12000326400 99 4 14
00400326400 100 3 17
10400326400 101 4 15
02400326400 102 4 14
12400326400 103 5 14
00080326400 104 3 20
10080326400 105 4 10
02080326400 106 4 9
12080326400 107 5 9
00480326400 108 4 12
10480326400 109 5 10
02480326400 110 5 9
12480326400 111 6 9
000016326400 112 3 17
100016326400 113 4 7
020016326400 114 4 6
120016326400 115 5 6
004016326400 116 4 9
104016326400 117 5 7
024016326400 118 5 6
124016326400 119 6 6
000816326400 120 4 17
100816326400 121 5 7
020816326400 122 5 6
120816326400 123 6 6
004816326400 124 5 9
104816326400 125 6 7
024816326400 126 6 6
124816326400 127 7 6
00000001280 128 1 81
10000001280 129 2 39
02000001280 130 2 40
12000001280 131 3 38
00400001280 132 2 37
10400001280 133 3 35
02400001280 134 3 34
12400001280 135 4 34
00080001280 136 2 27
10080001280 137 3 15
02080001280 138 3 14
12080001280 139 4 14
00480001280 140 3 17
10480001280 141 4 15
02480001280 142 4 14
12480001280 143 5 14
000016001280 144 2 29
100016001280 145 3 15
020016001280 146 3 14
120016001280 147 4 14
004016001280 148 3 17
104016001280 149 4 15
024016001280 150 4 14
124016001280 151 5 14
000816001280 152 3 24
100816001280 153 4 12
020816001280 154 4 11
120816001280 155 5 11
004816001280 156 4 14
104816001280 157 5 12
024816001280 158 5 11
124816001280 159 6 11
000003201280 160 2 29
100003201280 161 3 15
020003201280 162 3 14
120003201280 163 4 14
004003201280 164 3 17
104003201280 165 4 15
024003201280 166 4 14
124003201280 167 5 14
000803201280 168 3 22
100803201280 169 4 10
020803201280 170 4 9
120803201280 171 5 9
004803201280 172 4 12
104803201280 173 5 10
024803201280 174 5 9
124803201280 175 6 9
0000163201280 176 3 21
1000163201280 177 4 7
0200163201280 178 4 6
1200163201280 179 5 6
0040163201280 180 4 9
1040163201280 181 5 7
0240163201280 182 5 6
1240163201280 183 6 6
0008163201280 184 4 19
1008163201280 185 5 7
0208163201280 186 5 6
1208163201280 187 6 6
0048163201280 188 5 9
1048163201280 189 6 7
0248163201280 190 6 6
1248163201280 191 7 6
000000641280 192 2 65
100000641280 193 3 35
020000641280 194 3 36
120000641280 195 4 34
004000641280 196 3 33
104000641280 197 4 31
024000641280 198 4 30
124000641280 199 5 30
000800641280 200 3 21
100800641280 201 4 11
020800641280 202 4 10
120800641280 203 5 10
004800641280 204 4 13
104800641280 205 5 11
024800641280 206 5 10
124800641280 207 6 10
0000160641280 208 3 21
1000160641280 209 4 11
0200160641280 210 4 10
1200160641280 211 5 10
0040160641280 212 4 13
1040160641280 213 5 11
0240160641280 214 5 10
1240160641280 215 6 10
0008160641280 216 4 18
1008160641280 217 5 8
0208160641280 218 5 7
1208160641280 219 6 7
0048160641280 220 5 10
1048160641280 221 6 8
0248160641280 222 6 7
1248160641280 223 7 7
0000032641280 224 3 21
1000032641280 225 4 11
0200032641280 226 4 10
1200032641280 227 5 10
0040032641280 228 4 13
1040032641280 229 5 11
0240032641280 230 5 10
1240032641280 231 6 10
0008032641280 232 4 16
1008032641280 233 5 6
0208032641280 234 5 5
1208032641280 235 6 5
0048032641280 236 5 8
1048032641280 237 6 6
0248032641280 238 6 5
1248032641280 239 7 5
00001632641280 240 4 13
10001632641280 241 5 3
02001632641280 242 5 2
12001632641280 243 6 2
00401632641280 244 5 5
10401632641280 245 6 3
02401632641280 246 6 2
12401632641280 247 7 2
00081632641280 248 5 13
10081632641280 249 6 3
02081632641280 250 6 2
12081632641280 251 7 2
00481632641280 252 6 5
10481632641280 253 7 3
02481632641280 254 7 2
12481632641280 255 8 2
00000000256 256 1 75
10000000256 257 2 39
02000000256 258 2 40
12000000256 259 3 38
00400000256 260 2 37
10400000256 261 3 35
02400000256 262 3 34
12400000256 263 4 34
00080000256 264 2 27
10080000256 265 3 15
02080000256 266 3 14
12080000256 267 4 14
00480000256 268 3 17
10480000256 269 4 15
02480000256 270 4 14
12480000256 271 5 14
000016000256 272 2 27
100016000256 273 3 15
020016000256 274 3 14
120016000256 275 4 14
004016000256 276 3 17
104016000256 277 4 15
024016000256 278 4 14
124016000256 279 5 14
000816000256 280 3 24
100816000256 281 4 12
020816000256 282 4 11
120816000256 283 5 11
004816000256 284 4 14
104816000256 285 5 12
024816000256 286 5 11
124816000256 287 6 11
000003200256 288 2 27
100003200256 289 3 15
020003200256 290 3 14
120003200256 291 4 14
004003200256 292 3 17
104003200256 293 4 15
024003200256 294 4 14
124003200256 295 5 14
000803200256 296 3 22
100803200256 297 4 10
020803200256 298 4 9
120803200256 299 5 9
004803200256 300 4 12
104803200256 301 5 10
024803200256 302 5 9
124803200256 303 6 9
0000163200256 304 3 19
1000163200256 305 4 7
0200163200256 306 4 6
1200163200256 307 5 6
0040163200256 308 4 9
1040163200256 309 5 7
0240163200256 310 5 6
1240163200256 311 6 6
0008163200256 312 4 19
1008163200256 313 5 7
0208163200256 314 5 6
1208163200256 315 6 6
0048163200256 316 5 9
1048163200256 317 6 7
0248163200256 318 6 6
1248163200256 319 7 6
000000640256 320 2 67
100000640256 321 3 37
020000640256 322 3 38
120000640256 323 4 36
004000640256 324 3 35
104000640256 325 4 33
024000640256 326 4 32
124000640256 327 5 32
000800640256 328 3 23
100800640256 329 4 13
020800640256 330 4 12
120800640256 331 5 12
004800640256 332 4 15
104800640256 333 5 13
024800640256 334 5 12
124800640256 335 6 12
0000160640256 336 3 23
1000160640256 337 4 13
0200160640256 338 4 12
1200160640256 339 5 12
0040160640256 340 4 15
1040160640256 341 5 13
0240160640256 342 5 12
1240160640256 343 6 12
0008160640256 344 4 20
1008160640256 345 5 10
0208160640256 346 5 9
1208160640256 347 6 9
0048160640256 348 5 12
1048160640256 349 6 10
0248160640256 350 6 9
1248160640256 351 7 9
0000032640256 352 3 23
1000032640256 353 4 13
0200032640256 354 4 12
1200032640256 355 5 12
0040032640256 356 4 15
1040032640256 357 5 13
0240032640256 358 5 12
1240032640256 359 6 12
0008032640256 360 4 18
1008032640256 361 5 8
0208032640256 362 5 7
1208032640256 363 6 7
0048032640256 364 5 10
1048032640256 365 6 8
0248032640256 366 6 7
1248032640256 367 7 7
00001632640256 368 4 15
10001632640256 369 5 5
02001632640256 370 5 4
12001632640256 371 6 4
00401632640256 372 5 7
10401632640256 373 6 5
02401632640256 374 6 4
12401632640256 375 7 4
00081632640256 376 5 15
10081632640256 377 6 5
02081632640256 378 6 4
12081632640256 379 7 4
00481632640256 380 6 7
10481632640256 381 7 5
02481632640256 382 7 4
12481632640256 383 8 4
0000000128256 384 2 69
1000000128256 385 3 33
0200000128256 386 3 34
1200000128256 387 4 32
0040000128256 388 3 31
1040000128256 389 4 29
0240000128256 390 4 28
1240000128256 391 5 28
0008000128256 392 3 21
1008000128256 393 4 9
0208000128256 394 4 8
1208000128256 395 5 8
0048000128256 396 4 11
1048000128256 397 5 9
0248000128256 398 5 8
1248000128256 399 6 8
00001600128256 400 3 21
10001600128256 401 4 9
02001600128256 402 4 8
12001600128256 403 5 8
00401600128256 404 4 11
10401600128256 405 5 9
02401600128256 406 5 8
12401600128256 407 6 8
00081600128256 408 4 18
10081600128256 409 5 6
02081600128256 410 5 5
12081600128256 411 6 5
00481600128256 412 5 8
10481600128256 413 6 6
02481600128256 414 6 5
12481600128256 415 7 5
00000320128256 416 3 21
10000320128256 417 4 9
02000320128256 418 4 8
12000320128256 419 5 8
00400320128256 420 4 11
10400320128256 421 5 9
02400320128256 422 5 8
12400320128256 423 6 8
00080320128256 424 4 16
10080320128256 425 5 4
02080320128256 426 5 3
12080320128256 427 6 3
00480320128256 428 5 6
10480320128256 429 6 4
02480320128256 430 6 3
12480320128256 431 7 3
000016320128256 432 4 13
100016320128256 433 5 1
020016320128256 434 5 0
120016320128256 435 6 0
004016320128256 436 5 3
104016320128256 437 6 1
024016320128256 438 6 0
124016320128256 439 7 0
000816320128256 440 5 13
100816320128256 441 6 1
020816320128256 442 6 0
120816320128256 443 7 0
004816320128256 444 6 3
104816320128256 445 7 1
024816320128256 446 7 0
124816320128256 447 8 0
00000064128256 448 3 63
10000064128256 449 4 33
02000064128256 450 4 34
12000064128256 451 5 32
00400064128256 452 4 31
10400064128256 453 5 29
02400064128256 454 5 28
12400064128256 455 6 28
00080064128256 456 4 19
10080064128256 457 5 9
02080064128256 458 5 8
12080064128256 459 6 8
00480064128256 460 5 11
10480064128256 461 6 9
02480064128256 462 6 8
12480064128256 463 7 8
000016064128256 464 4 19
100016064128256 465 5 9
020016064128256 466 5 8
120016064128256 467 6 8
004016064128256 468 5 11
104016064128256 469 6 9
024016064128256 470 6 8
124016064128256 471 7 8
000816064128256 472 5 16
100816064128256 473 6 6
020816064128256 474 6 5
120816064128256 475 7 5
004816064128256 476 6 8
104816064128256 477 7 6
024816064128256 478 7 5
124816064128256 479 8 5
000003264128256 480 4 19
100003264128256 481 5 9
020003264128256 482 5 8
120003264128256 483 6 8
004003264128256 484 5 11
104003264128256 485 6 9
024003264128256 486 6 8
124003264128256 487 7 8
000803264128256 488 5 14
100803264128256 489 6 4
020803264128256 490 6 3
120803264128256 491 7 3
004803264128256 492 6 6
104803264128256 493 7 4
024803264128256 494 7 3
124803264128256 495 8 3
0000163264128256 496 5 11
1000163264128256 497 6 1
0200163264128256 498 6 0
1200163264128256 499 7 0
0040163264128256 500 6 3
1040163264128256 501 7 1
0240163264128256 502 7 0
1240163264128256 503 8 0
0008163264128256 504 6 11
1008163264128256 505 7 1
0208163264128256 506 7 0
1208163264128256 507 8 0
0048163264128256 508 7 3
1048163264128256 509 8 1
0248163264128256 510 8 0
1248163264128256 511 9 0
59 25 14 6 0 0 0 0 0 